@storybook/cli v7.0.4

info => Cleaning outputDir: C:\Users\DELL\AppData\Local\Temp\chromatic--9880-X6fGluYLJSKe
info => Loading presets
info => Building manager..
info => Manager built (629 ms)
info => Copying static files: C:\design_system\node_modules\@storybook\manager\static at C:\Users\DELL\AppData\Local\Temp\chromatic--9880-X6fGluYLJSKe\sb-common-assets
[36mvite v4.2.1 [32mbuilding for production...[36m[39m

./sb-common-assets/fonts.css doesn't exist at build time, it will remain unchanged to be resolved at runtime
transforming...
Use of eval in "node_modules/telejson/dist/index.mjs" is strongly discouraged as it poses security risks and may cause issues with minification.
Use of eval in "node_modules/telejson/dist/index.mjs" is strongly discouraged as it poses security risks and may cause issues with minification.
[32m✓[39m 594 modules transformed.
rendering chunks...
computing gzip size...
[2m../Users/DELL/AppData/Local/Temp/chromatic--9880-X6fGluYLJSKe/[22m[32massets/direction-94a9917f.svg                       [39m[1m[2m  1.28 kB[22m[1m[22m
[2m../Users/DELL/AppData/Local/Temp/chromatic--9880-X6fGluYLJSKe/[22m[32massets/flow-275142c6.svg                            [39m[1m[2m  1.39 kB[22m[1m[22m
[2m../Users/DELL/AppData/Local/Temp/chromatic--9880-X6fGluYLJSKe/[22m[32massets/code-brackets-9ef6443e.svg                   [39m[1m[2m  1.46 kB[22m[1m[22m
[2m../Users/DELL/AppData/Local/Temp/chromatic--9880-X6fGluYLJSKe/[22m[32massets/comments-f15a6837.svg                        [39m[1m[2m  1.53 kB[22m[1m[22m
[2m../Users/DELL/AppData/Local/Temp/chromatic--9880-X6fGluYLJSKe/[22m[32massets/repo-fb4ece47.svg                            [39m[1m[2m  1.64 kB[22m[1m[22m
[2m../Users/DELL/AppData/Local/Temp/chromatic--9880-X6fGluYLJSKe/[22m[32massets/plugin-57148314.svg                          [39m[1m[2m  2.17 kB[22m[1m[22m
[2m../Users/DELL/AppData/Local/Temp/chromatic--9880-X6fGluYLJSKe/[22m[32massets/stackalt-2ad81543.svg                        [39m[1m[2m  2.55 kB[22m[1m[22m
[2m../Users/DELL/AppData/Local/Temp/chromatic--9880-X6fGluYLJSKe/[22m[32massets/colors-ac9401f3.svg                          [39m[1m[2m  8.51 kB[22m[1m[22m
[2m../Users/DELL/AppData/Local/Temp/chromatic--9880-X6fGluYLJSKe/[22m[32miframe.html                                         [39m[1m[2m 13.13 kB[22m[1m[22m
[2m../Users/DELL/AppData/Local/Temp/chromatic--9880-X6fGluYLJSKe/[22m[36massets/preview-1e5c59db.js                          [39m[1m[2m  0.19 kB[22m[1m[22m[2m │ gzip:   0.19 kB[22m[2m │ map:     0.57 kB[22m
[2m../Users/DELL/AppData/Local/Temp/chromatic--9880-X6fGluYLJSKe/[22m[36massets/index-d475d2ea.js                            [39m[1m[2m  0.21 kB[22m[1m[22m[2m │ gzip:   0.17 kB[22m[2m │ map:     0.81 kB[22m
[2m../Users/DELL/AppData/Local/Temp/chromatic--9880-X6fGluYLJSKe/[22m[36massets/index-a42a4a37.js                            [39m[1m[2m  0.25 kB[22m[1m[22m[2m │ gzip:   0.20 kB[22m[2m │ map:     0.10 kB[22m
[2m../Users/DELL/AppData/Local/Temp/chromatic--9880-X6fGluYLJSKe/[22m[36massets/WithTooltip-FBT32F6Q-d5dcc463.js             [39m[1m[2m  0.42 kB[22m[1m[22m[2m │ gzip:   0.26 kB[22m[2m │ map:     0.11 kB[22m
[2m../Users/DELL/AppData/Local/Temp/chromatic--9880-X6fGluYLJSKe/[22m[36massets/syntaxhighlighter-QTQ2UBB4-7cd169bf.js       [39m[1m[2m  0.44 kB[22m[1m[22m[2m │ gzip:   0.28 kB[22m[2m │ map:     0.12 kB[22m
[2m../Users/DELL/AppData/Local/Temp/chromatic--9880-X6fGluYLJSKe/[22m[36massets/index-4fb8b842.js                            [39m[1m[2m  0.53 kB[22m[1m[22m[2m │ gzip:   0.34 kB[22m[2m │ map:     4.26 kB[22m
[2m../Users/DELL/AppData/Local/Temp/chromatic--9880-X6fGluYLJSKe/[22m[36massets/react-18-61705542.js                         [39m[1m[2m  0.59 kB[22m[1m[22m[2m │ gzip:   0.38 kB[22m[2m │ map:     2.55 kB[22m
[2m../Users/DELL/AppData/Local/Temp/chromatic--9880-X6fGluYLJSKe/[22m[36massets/preview-0435c720.js                          [39m[1m[2m  0.69 kB[22m[1m[22m[2m │ gzip:   0.49 kB[22m[2m │ map:     3.74 kB[22m
[2m../Users/DELL/AppData/Local/Temp/chromatic--9880-X6fGluYLJSKe/[22m[36massets/_commonjsHelpers-042e6b4d.js                 [39m[1m[2m  0.78 kB[22m[1m[22m[2m │ gzip:   0.44 kB[22m[2m │ map:     0.11 kB[22m
[2m../Users/DELL/AppData/Local/Temp/chromatic--9880-X6fGluYLJSKe/[22m[36massets/preview-3b107f5f.js                          [39m[1m[2m  0.79 kB[22m[1m[22m[2m │ gzip:   0.47 kB[22m[2m │ map:     1.20 kB[22m
[2m../Users/DELL/AppData/Local/Temp/chromatic--9880-X6fGluYLJSKe/[22m[36massets/index-356e4a49.js                            [39m[1m[2m  0.81 kB[22m[1m[22m[2m │ gzip:   0.51 kB[22m[2m │ map:     3.23 kB[22m
[2m../Users/DELL/AppData/Local/Temp/chromatic--9880-X6fGluYLJSKe/[22m[36massets/preview-b1164a2e.js                          [39m[1m[2m  0.88 kB[22m[1m[22m[2m │ gzip:   0.58 kB[22m[2m │ map:     2.76 kB[22m
[2m../Users/DELL/AppData/Local/Temp/chromatic--9880-X6fGluYLJSKe/[22m[36massets/DocsRenderer-7FRJXR4N-08a434ea.js            [39m[1m[2m  1.30 kB[22m[1m[22m[2m │ gzip:   0.70 kB[22m[2m │ map:     2.40 kB[22m
[2m../Users/DELL/AppData/Local/Temp/chromatic--9880-X6fGluYLJSKe/[22m[36massets/Button.stories-9b97ce39.js                   [39m[1m[2m  1.72 kB[22m[1m[22m[2m │ gzip:   0.65 kB[22m[2m │ map:     1.60 kB[22m
[2m../Users/DELL/AppData/Local/Temp/chromatic--9880-X6fGluYLJSKe/[22m[36massets/Checkbox.stories-b9d7f921.js                 [39m[1m[2m  1.79 kB[22m[1m[22m[2m │ gzip:   0.88 kB[22m[2m │ map:     3.48 kB[22m
[2m../Users/DELL/AppData/Local/Temp/chromatic--9880-X6fGluYLJSKe/[22m[36massets/IconList-18846c32.js                         [39m[1m[2m  1.88 kB[22m[1m[22m[2m │ gzip:   0.80 kB[22m[2m │ map:     3.62 kB[22m
[2m../Users/DELL/AppData/Local/Temp/chromatic--9880-X6fGluYLJSKe/[22m[36massets/IconButton.stories-bdf038e2.js               [39m[1m[2m  2.31 kB[22m[1m[22m[2m │ gzip:   0.76 kB[22m[2m │ map:     1.77 kB[22m
[2m../Users/DELL/AppData/Local/Temp/chromatic--9880-X6fGluYLJSKe/[22m[36massets/preview-bb5acd95.js                          [39m[1m[2m  2.38 kB[22m[1m[22m[2m │ gzip:   1.26 kB[22m[2m │ map:    10.15 kB[22m
[2m../Users/DELL/AppData/Local/Temp/chromatic--9880-X6fGluYLJSKe/[22m[36massets/index-d37d4223.js                            [39m[1m[2m  2.63 kB[22m[1m[22m[2m │ gzip:   1.30 kB[22m[2m │ map:     7.44 kB[22m
[2m../Users/DELL/AppData/Local/Temp/chromatic--9880-X6fGluYLJSKe/[22m[36massets/TextArea.stories-3d752d6c.js                 [39m[1m[2m  3.27 kB[22m[1m[22m[2m │ gzip:   1.14 kB[22m[2m │ map:     4.00 kB[22m
[2m../Users/DELL/AppData/Local/Temp/chromatic--9880-X6fGluYLJSKe/[22m[36massets/preview-f96f0111.js                          [39m[1m[2m  3.29 kB[22m[1m[22m[2m │ gzip:   1.41 kB[22m[2m │ map:    10.05 kB[22m
[2m../Users/DELL/AppData/Local/Temp/chromatic--9880-X6fGluYLJSKe/[22m[36massets/InputPin.stories-5494b082.js                 [39m[1m[2m  3.87 kB[22m[1m[22m[2m │ gzip:   1.21 kB[22m[2m │ map:     5.66 kB[22m
[2m../Users/DELL/AppData/Local/Temp/chromatic--9880-X6fGluYLJSKe/[22m[36massets/InputField.stories-fdc6a49a.js               [39m[1m[2m  4.35 kB[22m[1m[22m[2m │ gzip:   1.42 kB[22m[2m │ map:     5.67 kB[22m
[2m../Users/DELL/AppData/Local/Temp/chromatic--9880-X6fGluYLJSKe/[22m[36massets/Button.Style-cc183c03.js                     [39m[1m[2m  4.45 kB[22m[1m[22m[2m │ gzip:   0.69 kB[22m[2m │ map:     6.76 kB[22m
[2m../Users/DELL/AppData/Local/Temp/chromatic--9880-X6fGluYLJSKe/[22m[36massets/iframe-f4000ee3.js                           [39m[1m[2m  5.59 kB[22m[1m[22m[2m │ gzip:   1.76 kB[22m[2m │ map:     6.12 kB[22m
[2m../Users/DELL/AppData/Local/Temp/chromatic--9880-X6fGluYLJSKe/[22m[36massets/index-f1f749bf.js                            [39m[1m[2m  7.25 kB[22m[1m[22m[2m │ gzip:   2.96 kB[22m[2m │ map:    15.64 kB[22m
[2m../Users/DELL/AppData/Local/Temp/chromatic--9880-X6fGluYLJSKe/[22m[36massets/preview-62235626.js                          [39m[1m[2m  7.69 kB[22m[1m[22m[2m │ gzip:   1.60 kB[22m[2m │ map:    13.65 kB[22m
[2m../Users/DELL/AppData/Local/Temp/chromatic--9880-X6fGluYLJSKe/[22m[36massets/Introduction-4aed4f12.js                     [39m[1m[2m  7.79 kB[22m[1m[22m[2m │ gzip:   2.72 kB[22m[2m │ map:    13.72 kB[22m
[2m../Users/DELL/AppData/Local/Temp/chromatic--9880-X6fGluYLJSKe/[22m[36massets/preview-e6f1f377.js                          [39m[1m[2m  7.97 kB[22m[1m[22m[2m │ gzip:   3.03 kB[22m[2m │ map:    28.14 kB[22m
[2m../Users/DELL/AppData/Local/Temp/chromatic--9880-X6fGluYLJSKe/[22m[36massets/GlobalScrollAreaStyles-XIHNDKUY-425b0814.js  [39m[1m[2m 10.40 kB[22m[1m[22m[2m │ gzip:   2.34 kB[22m[2m │ map:    15.68 kB[22m
[2m../Users/DELL/AppData/Local/Temp/chromatic--9880-X6fGluYLJSKe/[22m[36massets/preview-643ac584.js                          [39m[1m[2m 21.08 kB[22m[1m[22m[2m │ gzip:   6.99 kB[22m[2m │ map:    67.94 kB[22m
[2m../Users/DELL/AppData/Local/Temp/chromatic--9880-X6fGluYLJSKe/[22m[36massets/Color-3YIJY6X7-08030d0c.js                   [39m[1m[2m 30.98 kB[22m[1m[22m[2m │ gzip:  11.62 kB[22m[2m │ map:   112.19 kB[22m
[2m../Users/DELL/AppData/Local/Temp/chromatic--9880-X6fGluYLJSKe/[22m[36massets/styled-components.browser.esm-192005cd.js    [39m[1m[2m 32.35 kB[22m[1m[22m[2m │ gzip:  12.84 kB[22m[2m │ map:    96.07 kB[22m
[2m../Users/DELL/AppData/Local/Temp/chromatic--9880-X6fGluYLJSKe/[22m[36massets/OverlayScrollbars-VAV6LJAB-6fe27ce9.js       [39m[1m[2m 58.97 kB[22m[1m[22m[2m │ gzip:  25.28 kB[22m[2m │ map:   277.29 kB[22m
[2m../Users/DELL/AppData/Local/Temp/chromatic--9880-X6fGluYLJSKe/[22m[36massets/index-f64090b0.js                            [39m[1m[2m212.67 kB[22m[1m[22m[2m │ gzip:  66.50 kB[22m[2m │ map:   647.58 kB[22m
[2m../Users/DELL/AppData/Local/Temp/chromatic--9880-X6fGluYLJSKe/[22m[36massets/config-fd4b0659.js                           [39m[1m[2m214.38 kB[22m[1m[22m[2m │ gzip:  66.74 kB[22m[2m │ map:   806.12 kB[22m
[2m../Users/DELL/AppData/Local/Temp/chromatic--9880-X6fGluYLJSKe/[22m[36massets/index-fb5b9770.js                            [39m[1m[33m503.40 kB[39m[22m[2m │ gzip: 165.69 kB[22m[2m │ map: 1,432.01 kB[22m
[2m../Users/DELL/AppData/Local/Temp/chromatic--9880-X6fGluYLJSKe/[22m[36massets/formatter-S4K5WUZV-a9b1dc9d.js               [39m[1m[33m601.63 kB[39m[22m[2m │ gzip: 185.03 kB[22m[2m │ map: 1,315.95 kB[22m
[33m
(!) Some chunks are larger than 500 kBs after minification. Consider:
- Using dynamic import() to code-split the application
- Use build.rollupOptions.output.manualChunks to improve chunking: https://rollupjs.org/configuration-options/#output-manualchunks
- Adjust chunk size limit for this warning via build.chunkSizeWarningLimit.[39m
[32m✓[39m built in 29.34s
info => Output directory: C:\Users\DELL\AppData\Local\Temp\chromatic--9880-X6fGluYLJSKe
